server on port 8000
Database is connected
[0mGET /nft/ [33m404[0m 4.191 ms - 143[0m
[0mGET /nft/ [33m404[0m 0.731 ms - 143[0m
[0mGET /nft/uploads [33m404[0m 0.453 ms - 150[0m
[0mGET /nft/ipfs/ [33m404[0m 0.535 ms - 148[0m
[0mPOST /nft/ipfs/api/save-cat [33m404[0m 24.674 ms - 161[0m
[0mPOST /nft/ipfs/save-cat [33m404[0m 2.628 ms - 157[0m
[0mGET /nft/ipfs/api [33m404[0m 0.566 ms - 151[0m
[0mGET /nft/ipfs/ [33m404[0m 0.689 ms - 148[0m
[0mGET /nft/ipfs/ [33m404[0m 0.505 ms - 148[0m
[0mPOST /nft/ipfs/api/save-cat [33m404[0m 3.367 ms - 161[0m
[0mPOST /nft/ipfs/api/save-cat [33m404[0m 2.488 ms - 161[0m
server on port 8000
Database is connected
[0mGET /api [33m404[0m 3.037 ms - 142[0m
[0mGET /api/uploads/89de85a9-48a6-414d-90d4-0ac620a127fa.html [33m404[0m 2.014 ms - 192[0m
server on port 8000
Database is connected
[0mGET /api/uploads/89de85a9-48a6-414d-90d4-0ac620a127fa.html [36m304[0m 3.412 ms - -[0m
server on port 8000
Database is connected
[0mGET /api/uploads/6adc756a-5aad-4c19-9026-dae7397a5948.html.json [36m304[0m 5.170 ms - -[0m
[0mGET /api/uploads/6adc756a-5aad-4c19-9026-dae7397a5948.html [36m304[0m 3.266 ms - -[0m
[0mPOST /api/save-cat [32m201[0m 29.048 ms - 24[0m
[0mGET /api/uploads/2795203f-ac8f-41a1-9b0f-e6aa2ebf1359.html.json [32m200[0m 2.783 ms - 268[0m
[0mGET /api/uploads/2795203f-ac8f-41a1-9b0f-e6aa2ebf1359.html [32m200[0m 1.285 ms - 15230[0m
[0mGET /api/uploads/2795203f-ac8f-41a1-9b0f-e6aa2ebf1359.html.json [36m304[0m 1.015 ms - -[0m
[0mGET /api/uploads/2795203f-ac8f-41a1-9b0f-e6aa2ebf1359.html.json [36m304[0m 0.653 ms - -[0m
[0mGET /api/uploads/6adc756a-5aad-4c19-9026-dae7397a5948.html.json [36m304[0m 0.636 ms - -[0m
[0mGET /api/uploads/6adc756a-5aad-4c19-9026-dae7397a5948.html [36m304[0m 0.757 ms - -[0m
[0mGET /api/uploads/6adc756a-5aad-4c19-9026-dae7397a5948.html.json [36m304[0m 1.366 ms - -[0m
[0mGET /api/uploads/6adc756a-5aad-4c19-9026-dae7397a5948.html.json [36m304[0m 1.208 ms - -[0m
[0mGET /api/uploads/6adc756a-5aad-4c19-9026-dae7397a5948.html [32m200[0m 1.613 ms - 26180[0m
[0mGET /api/uploads/6adc756a-5aad-4c19-9026-dae7397a5948.html.json [32m200[0m 1.120 ms - 186[0m
[0mPOST /api/jsonws/invoke [33m404[0m 14.768 ms - 157[0m
[0mGET /api/uploads/89de85a9-48a6-414d-90d4-0ac620a127fa.html.json [33m404[0m 3.610 ms - 197[0m
[0mGET /api/uploads/6adc756a-5aad-4c19-9026-dae7397a5948.html [32m200[0m 1.504 ms - 26180[0m
[0mGET /api/uploads/6adc756a-5aad-4c19-9026-dae7397a5948.html.json [32m200[0m 0.980 ms - 186[0m
[0mPOST /api/jsonws/invoke [33m404[0m 2.057 ms - 157[0m
[0mGET /api/uploads/6adc756a-5aad-4c19-9026-dae7397a5948.html.json [36m304[0m 2.520 ms - -[0m
[0mGET /api/uploads/6adc756a-5aad-4c19-9026-dae7397a5948.html [36m304[0m 0.781 ms - -[0m
[0mGET /api/uploads/6adc756a-5aad-4c19-9026-dae7397a5948.html.json [32m200[0m 1.890 ms - 186[0m
[0mGET /api/uploads/6adc756a-5aad-4c19-9026-dae7397a5948.html [32m200[0m 1.410 ms - 26180[0m
[0mGET /api/uploads/6adc756a-5aad-4c19-9026-dae7397a5948.html.json [32m200[0m 1.028 ms - 186[0m
[0mGET /api/uploads/6adc756a-5aad-4c19-9026-dae7397a5948.html [32m200[0m 1.013 ms - 26180[0m
[0mHEAD /api/uploads/6adc756a-5aad-4c19-9026-dae7397a5948.html [32m200[0m 0.512 ms - 26180[0m
[0mGET /api/uploads/6adc756a-5aad-4c19-9026-dae7397a5948.html [32m200[0m 1.115 ms - 26180[0m
[0mGET /api/uploads/6adc756a-5aad-4c19-9026-dae7397a5948.html.json [32m200[0m 0.825 ms - 186[0m
[0mGET /api/uploads/6adc756a-5aad-4c19-9026-dae7397a5948.html [32m200[0m 1.006 ms - 26180[0m
[0mHEAD /api/uploads/6adc756a-5aad-4c19-9026-dae7397a5948.html [32m200[0m 0.476 ms - 26180[0m
[0mGET /api/uploads/6adc756a-5aad-4c19-9026-dae7397a5948.html.json [32m200[0m 1.076 ms - 186[0m
[0mGET /api/uploads/6adc756a-5aad-4c19-9026-dae7397a5948.html [32m200[0m 0.770 ms - 26180[0m
[0mGET /api/uploads/6adc756a-5aad-4c19-9026-dae7397a5948.html.json [32m200[0m 0.904 ms - 186[0m
[0mGET /api/uploads/6adc756a-5aad-4c19-9026-dae7397a5948.html.json [32m200[0m 1.115 ms - 186[0m
[0mGET /api/uploads/6adc756a-5aad-4c19-9026-dae7397a5948.html [32m200[0m 0.779 ms - 26180[0m
[0mGET /api/uploads/6adc756a-5aad-4c19-9026-dae7397a5948.html [32m206[0m 2.416 ms - 2[0m
[0mGET /api/uploads/6adc756a-5aad-4c19-9026-dae7397a5948.html [32m200[0m 0.715 ms - 26180[0m
[0mGET /api/uploads/6adc756a-5aad-4c19-9026-dae7397a5948.html [32m206[0m 0.761 ms - 2[0m
[0mGET /api/uploads/6adc756a-5aad-4c19-9026-dae7397a5948.html [32m200[0m 1.382 ms - 26180[0m
[0mGET /api/uploads/6adc756a-5aad-4c19-9026-dae7397a5948.html [32m206[0m 0.852 ms - 2[0m
[0mGET /api/uploads/6adc756a-5aad-4c19-9026-dae7397a5948.html [32m200[0m 0.764 ms - 26180[0m
[0mGET /api/uploads/6adc756a-5aad-4c19-9026-dae7397a5948.html.json [32m200[0m 1.533 ms - 186[0m
[0mGET /api/uploads/6adc756a-5aad-4c19-9026-dae7397a5948.html [32m200[0m 1.162 ms - 26180[0m
[0mGET /api/uploads/6adc756a-5aad-4c19-9026-dae7397a5948.html.json [32m200[0m 1.591 ms - 186[0m
[0mGET /api/uploads/6adc756a-5aad-4c19-9026-dae7397a5948.html [32m200[0m 0.820 ms - 26180[0m
[0mGET /api/uploads/6adc756a-5aad-4c19-9026-dae7397a5948.html.json [32m200[0m 1.733 ms - 186[0m
[0mGET /api/uploads/6adc756a-5aad-4c19-9026-dae7397a5948.html [32m200[0m 0.866 ms - 26180[0m
[0mPOST /api/jsonws/invoke [33m404[0m 2.201 ms - 157[0m
[0mPOST /api/jsonws/invoke [33m404[0m 2.349 ms - 157[0m
[0mGET /api//uploads/0875f4c0-a902-429d-9955-adef9eff3ad8.html [33m404[0m 2.369 ms - 193[0m
[0mGET /api/uploads/5f63f7a9-71d9-4249-9d24-639fe8813adb.html [33m404[0m 4.397 ms - 192[0m
server on port 8000
Database is connected
[0mPOST /api/save-cat [32m201[0m 28.410 ms - 24[0m
[0mGET /api/uploads/5f63f7a9-71d9-4249-9d24-639fe8813adb.html [33m404[0m 4.735 ms - 192[0m
[0mGET /api/uploads/e9b595a7-7564-4e68-9199-df3d323cff30.html.json [32m200[0m 2.463 ms - 181[0m
[0mGET /api/uploads/e9b595a7-7564-4e68-9199-df3d323cff30.html [32m200[0m 1.216 ms - 23751[0m
[0mGET /api/uploads/e9b595a7-7564-4e68-9199-df3d323cff30.html.json [32m200[0m 1.659 ms - 181[0m
[0mGET /api/uploads/e9b595a7-7564-4e68-9199-df3d323cff30.html [32m200[0m 1.015 ms - 23751[0m
[0mHEAD /api/uploads/e9b595a7-7564-4e68-9199-df3d323cff30.html [32m200[0m 0.598 ms - 23751[0m
[0mGET /api/uploads/e9b595a7-7564-4e68-9199-df3d323cff30.html [32m200[0m 0.884 ms - 23751[0m
[0mHEAD /api/uploads/e9b595a7-7564-4e68-9199-df3d323cff30.html [32m200[0m 0.652 ms - 23751[0m
[0mGET /api/uploads/e9b595a7-7564-4e68-9199-df3d323cff30.html.json [32m200[0m 1.055 ms - 181[0m
[0mGET /api/uploads/e9b595a7-7564-4e68-9199-df3d323cff30.html [32m200[0m 0.982 ms - 23751[0m
[0mGET /api/uploads/e9b595a7-7564-4e68-9199-df3d323cff30.html.json [32m200[0m 0.913 ms - 181[0m
[0mGET /api/uploads/6adc756a-5aad-4c19-9026-dae7397a5948.html [33m404[0m 1.772 ms - 192[0m
[0mGET /api/uploads/6adc756a-5aad-4c19-9026-dae7397a5948.html [33m404[0m 1.403 ms - 192[0m
[0mGET /api/uploads/6adc756a-5aad-4c19-9026-dae7397a5948.html [33m404[0m 1.396 ms - 192[0m
[0mGET /api/uploads/e9b595a7-7564-4e68-9199-df3d323cff30.html.json [32m200[0m 1.154 ms - 181[0m
[0mGET /api/uploads/e9b595a7-7564-4e68-9199-df3d323cff30.html [32m200[0m 1.194 ms - 23751[0m
[0mGET /api/uploads/e9b595a7-7564-4e68-9199-df3d323cff30.html [32m200[0m 1.479 ms - 23751[0m
[0mGET /api/uploads/e9b595a7-7564-4e68-9199-df3d323cff30.html [36m304[0m 1.619 ms - -[0m
[0mGET /api/uploads/e9b595a7-7564-4e68-9199-df3d323cff30.html [36m304[0m 0.581 ms - -[0m
[0mGET /api/uploads/e9b595a7-7564-4e68-9199-df3d323cff30.html.json [36m304[0m 1.880 ms - -[0m
[0mPOST /api/jsonws/invoke [33m404[0m 13.340 ms - 157[0m
[0mPOST /api/jsonws/invoke [33m404[0m 2.023 ms - 157[0m
[0mPOST /api/jsonws/invoke [33m404[0m 2.846 ms - 157[0m
[0mPOST /api/jsonws/invoke [33m404[0m 7.171 ms - 157[0m
[0mPOST /api/jsonws/invoke [33m404[0m 2.344 ms - 157[0m
[0mPOST /api/jsonws/invoke [33m404[0m 2.305 ms - 157[0m
[0mPOST /api/jsonws/invoke [33m404[0m 2.235 ms - 157[0m
[0mPOST /api/jsonws/invoke [33m404[0m 2.357 ms - 157[0m
[0mPOST /api/jsonws/invoke [33m404[0m 2.193 ms - 157[0m
[0mPOST /api/jsonws/invoke [33m404[0m 2.836 ms - 157[0m
[0mPOST /api/jsonws/invoke [33m404[0m 2.574 ms - 157[0m
[0mPOST /api/jsonws/invoke [33m404[0m 2.549 ms - 157[0m
[0mPOST /api/jsonws/invoke [33m404[0m 1.748 ms - 157[0m
[0mPOST /api/jsonws/invoke [33m404[0m 2.727 ms - 157[0m
[0mPOST /api/jsonws/invoke [33m404[0m 2.293 ms - 157[0m
[0mPOST /api/jsonws/invoke [33m404[0m 2.421 ms - 157[0m
[0mPOST /api/jsonws/invoke [33m404[0m 2.493 ms - 157[0m
[0mPOST /api/jsonws/invoke [33m404[0m 2.608 ms - 157[0m
[0mPOST /api/jsonws/invoke [33m404[0m 5.483 ms - 157[0m
[0mPOST /api/jsonws/invoke [33m404[0m 3.847 ms - 157[0m
[0mPOST /api/jsonws/invoke [33m404[0m 2.457 ms - 157[0m
[0mPOST /api/jsonws/invoke [33m404[0m 2.125 ms - 157[0m
[0mPOST /api/jsonws/invoke [33m404[0m 2.534 ms - 157[0m
[0mGET /api/search?folderIds=0 [33m404[0m 1.979 ms - 149[0m
[0mPOST /api/jsonws/invoke [33m404[0m 3.100 ms - 157[0m
[0mPOST /api/jsonws/invoke [33m404[0m 2.209 ms - 157[0m
[0mPOST /api/jsonws/invoke [33m404[0m 2.065 ms - 157[0m
[0mPOST /api/jsonws/invoke [33m404[0m 2.468 ms - 157[0m
[0mPOST /api/jsonws/invoke [33m404[0m 2.227 ms - 157[0m
[0mPOST /api/jsonws/invoke [33m404[0m 21.494 ms - 157[0m
[0mPOST /api/jsonws/invoke [33m404[0m 2.397 ms - 157[0m
[0mGET /api/uploads/6adc756a-5aad-4c19-9026-dae7397a5948.html.json [33m404[0m 7.895 ms - 197[0m
[0mGET /api/uploads/6adc756a-5aad-4c19-9026-dae7397a5948.html.json [33m404[0m 2.252 ms - 197[0m
[0mGET /api/uploads/6adc756a-5aad-4c19-9026-dae7397a5948.html.json [33m404[0m 3.179 ms - 197[0m
[0mPOST /api/edr/sangforinter/v2/cssp/slog_client?token=eyJtZDUiOnRydWV9 [33m404[0m 7.735 ms - 180[0m
[0mGET /api/uploads/e9b595a7-7564-4e68-9199-df3d323cff30.html.json [32m200[0m 44.487 ms - 181[0m
[0mGET /api/uploads/e9b595a7-7564-4e68-9199-df3d323cff30.html [32m200[0m 1.824 ms - 23751[0m
[0mGET /api/uploads/6adc756a-5aad-4c19-9026-dae7397a5948.html.json [33m404[0m 2.832 ms - 197[0m
[0mPOST /api/jsonws/invoke [33m404[0m 2.652 ms - 157[0m
[0mGET /api/search?folderIds=0 [33m404[0m 25.737 ms - 149[0m
[0mPOST /api/jsonws/invoke [33m404[0m 2.901 ms - 157[0m
[0mGET /api/uploads/6adc756a-5aad-4c19-9026-dae7397a5948.html.json [33m404[0m 2.746 ms - 197[0m
[0mGET /api/uploads/6adc756a-5aad-4c19-9026-dae7397a5948.html.json [33m404[0m 5.761 ms - 197[0m
[0mPOST /api/jsonws/invoke [33m404[0m 6.045 ms - 157[0m
[0mPOST /api/jsonws/invoke [33m404[0m 2.899 ms - 157[0m
[0mPOST /api/jsonws/invoke [33m404[0m 2.903 ms - 157[0m
[0mPOST /api/jsonws/invoke [33m404[0m 6.940 ms - 157[0m
[0mPOST /api/jsonws/invoke [33m404[0m 3.302 ms - 157[0m
[0mPOST /api/jsonws/invoke [33m404[0m 2.621 ms - 157[0m
[0mGET /api/apps [33m404[0m 3.342 ms - 147[0m
[0mGET /api/v1/invest [33m404[0m 1.310 ms - 152[0m
[0mGET /api/contactWay [33m404[0m 1.836 ms - 153[0m
[0mGET /apis/api/index [33m404[0m 1.136 ms - 153[0m
[0mGET /api/index/index [33m404[0m 1.270 ms - 154[0m
[0mGET /api/v1/member/kefu [33m404[0m 1.952 ms - 157[0m
[0mGET /api/index/webconfig [33m404[0m 1.614 ms - 158[0m
[0mGET /api/Index/getLottery [33m404[0m 1.308 ms - 159[0m
[0mGET /api/common/getConfig [33m404[0m 1.222 ms - 159[0m
[0mPOST /api/v1/borrowxx.html [33m404[0m 1.402 ms - 160[0m
[0mGET /api/ApiHub/fetchJinse [33m404[0m 2.177 ms - 160[0m
[0mGET /api/user/ismustmobile [33m404[0m 1.310 ms - 160[0m
[0mGET /api/public/?service=Home.getConfig [33m404[0m 1.239 ms - 150[0m
[0mGET /api/stock/getSingleStock.do?code=002405 [33m404[0m 1.388 ms - 166[0m
[0mGET /api/v/index/queryOfficePage?officeCode=customHomeLink [33m404[0m 1.233 ms - 166[0m
[0mGET /api/product/topRank?token=null&uid=null&lang=null&direct=1&type=1 [33m404[0m 1.073 ms - 158[0m
[0mGET /api/wallet/redDetail [33m404[0m 3.231 ms - 159[0m
[0mGET /api/v1/about [33m404[0m 1.086 ms - 151[0m
[0mGET /api/config/info [33m404[0m 1.034 ms - 154[0m
[0mPOST /api/jsonws/invoke [33m404[0m 3.191 ms - 157[0m
[0mPOST /api/jsonws/invoke [33m404[0m 3.779 ms - 157[0m
[0mPOST /api/jsonws/invoke [33m404[0m 3.626 ms - 157[0m
[0mPOST /api/jsonws/invoke [33m404[0m 3.393 ms - 157[0m
[0mPOST /api/jsonws/invoke [33m404[0m 10.358 ms - 157[0m
[0mPOST /api/jsonws/invoke [33m404[0m 7.775 ms - 157[0m
[0mPOST /api/jsonws/invoke [33m404[0m 3.252 ms - 157[0m
[0mPOST /api/jsonws/invoke [33m404[0m 7.489 ms - 157[0m
[0mGET /api/uploads/6adc756a-5aad-4c19-9026-dae7397a5948.html.json [33m404[0m 14.605 ms - 197[0m
[0mGET /api/uploads/e9b595a7-7564-4e68-9199-df3d323cff30.html.json [32m200[0m 15.455 ms - 181[0m
[0mPOST /api/jsonws/invoke [33m404[0m 5.661 ms - 157[0m
[0mPOST /api/jsonws/invoke [33m404[0m 4.088 ms - 157[0m
[0mPOST /api/jsonws/invoke [33m404[0m 3.591 ms - 157[0m
[0mGET /api/.env [33m404[0m 9.746 ms - 147[0m
server on port 8000
Database is connected
[0mGET /api/.env [33m404[0m 8.115 ms - 147[0m
server on port 8000
Database is connected
[0mGET /api/console/api_server?sense_version=%40%40SENSE_VERSION&apis=../../../../../../../../../../../etc/passwd [33m404[0m 12.240 ms - 161[0m
[0mGET /api/experimental/patternfile?order=id%3Bselect(md5('nuclei'))&page=0&page_size=0 [33m404[0m 1.756 ms - 167[0m
[0mGET /api/config [33m404[0m 1.671 ms - 149[0m
[0mGET /api/productConfig [33m404[0m 4.905 ms - 156[0m
server on port 8000
Database is connected
server on port 8000
Database is connected
server on port 8000
Database is connected
server on port 8000
Database is connected
server on port 8000
Database is connected
server on port 8000
Database is connected
server on port 8000
Database is connected
server on port 8000
Database is connected
server on port 8000
Database is connected
server on port 8000
Database is connected
server on port 8000
Database is connected
server on port 8000
Database is connected
[0mGET /api/productConfig [33m404[0m 4.317 ms - 156[0m
